============================= test session starts =============================
platform win32 -- Python 3.14.0, pytest-9.0.2, pluggy-1.6.0 -- D:\VsCode\PhantomShield\venv\Scripts\python.exe
cachedir: .pytest_cache
rootdir: D:\VsCode\PhantomShield
plugins: anyio-4.12.1
collecting ... collected 23 items

app/tests/test_phase1_session.py::test_creates_session_cookie_for_store_requests PASSED [  4%]
app/tests/test_phase1_session.py::test_reuses_existing_session_on_next_request PASSED [  8%]
app/tests/test_phase1_session.py::test_replaces_expired_session_with_new_cookie PASSED [ 13%]
app/tests/test_phase1_session.py::test_login_rotates_session_and_jwt_uses_new_session_id PASSED [ 17%]
app/tests/test_phase2_products.py::test_products_endpoint_works_for_real_session PASSED [ 21%]
app/tests/test_phase2_products.py::test_products_endpoint_schema_matches_between_real_and_decoy PASSED [ 26%]
app/tests/test_phase2_products.py::test_featured_products_endpoint_exists PASSED [ 30%]
app/tests/test_phase2_products.py::test_product_details_and_categories_endpoints PASSED [ 34%]
app/tests/test_phase2_products.py::test_product_not_found_returns_404 PASSED [ 39%]
app/tests/test_phase3_cart_wishlist.py::test_guest_can_use_cart_and_wishlist_without_login PASSED [ 43%]
app/tests/test_phase3_cart_wishlist.py::test_update_and_remove_cart_item PASSED [ 47%]
app/tests/test_phase3_cart_wishlist.py::test_cart_and_wishlist_survive_login_session_rotation_in_decoy_mode PASSED [ 52%]
app/tests/test_phase4_orders.py::test_real_checkout_flow_places_order_and_clears_cart PASSED [ 56%]
app/tests/test_phase4_orders.py::test_decoy_checkout_succeeds_even_when_cart_empty PASSED [ 60%]
app/tests/test_phase4_orders.py::test_decoy_order_history_survives_login_session_rotation PASSED [ 65%]
app/tests/test_phase4_orders.py::test_order_detail_returns_404_for_unknown_order PASSED [ 69%]
app/tests/test_phase5_forensics.py::test_track_session_event_writes_required_schema PASSED [ 73%]
app/tests/test_phase5_forensics.py::test_track_event_from_request_context PASSED [ 78%]
app/tests/test_phase5_forensics.py::test_store_logger_uses_same_forensic_pipeline PASSED [ 82%]
app/tests/test_phase7_decoy_integration.py::test_public_decoy_routes_are_not_mounted PASSED [ 86%]
app/tests/test_phase7_decoy_integration.py::test_suspicious_session_is_silently_routed_to_decoy PASSED [ 91%]
app/tests/test_phase7_decoy_integration.py::test_real_and_decoy_share_identical_api_schema PASSED [ 95%]
app/tests/test_phase7_decoy_integration.py::test_decoy_login_returns_success_and_identity_cookie PASSED [100%]

============================== warnings summary ===============================
app\api\admin\routes.py:75
  D:\VsCode\PhantomShield\app\api\admin\routes.py:75: FastAPIDeprecationWarning: `regex` has been deprecated, please use `pattern` instead
    routing_state: str | None = Query(None, regex="^(REAL|DECOY)$"),

app\api\admin\routes.py:128
  D:\VsCode\PhantomShield\app\api\admin\routes.py:128: FastAPIDeprecationWarning: `regex` has been deprecated, please use `pattern` instead
    metric: str = Query("view", regex="^(view|cart|order)$"),

app/tests/test_phase1_session.py: 5 warnings
app/tests/test_phase2_products.py: 6 warnings
app/tests/test_phase3_cart_wishlist.py: 3 warnings
app/tests/test_phase4_orders.py: 4 warnings
app/tests/test_phase5_forensics.py: 3 warnings
app/tests/test_phase7_decoy_integration.py: 5 warnings
  <string>:7: DeprecationWarning: datetime.datetime.utcnow() is deprecated and scheduled for removal in a future version. Use timezone-aware objects to represent datetimes in UTC: datetime.datetime.now(datetime.UTC).

app/tests/test_phase1_session.py: 5 warnings
app/tests/test_phase2_products.py: 6 warnings
app/tests/test_phase3_cart_wishlist.py: 3 warnings
app/tests/test_phase4_orders.py: 4 warnings
app/tests/test_phase5_forensics.py: 3 warnings
app/tests/test_phase7_decoy_integration.py: 5 warnings
  <string>:8: DeprecationWarning: datetime.datetime.utcnow() is deprecated and scheduled for removal in a future version. Use timezone-aware objects to represent datetimes in UTC: datetime.datetime.now(datetime.UTC).

app/tests/test_phase1_session.py: 4 warnings
app/tests/test_phase2_products.py: 2 warnings
app/tests/test_phase3_cart_wishlist.py: 11 warnings
app/tests/test_phase4_orders.py: 8 warnings
app/tests/test_phase7_decoy_integration.py: 5 warnings
  D:\VsCode\PhantomShield\app\session\store.py:92: DeprecationWarning: datetime.datetime.utcnow() is deprecated and scheduled for removal in a future version. Use timezone-aware objects to represent datetimes in UTC: datetime.datetime.now(datetime.UTC).
    created_at=doc.get("created_at", datetime.utcnow()),

app/tests/test_phase1_session.py: 4 warnings
app/tests/test_phase2_products.py: 2 warnings
app/tests/test_phase3_cart_wishlist.py: 11 warnings
app/tests/test_phase4_orders.py: 8 warnings
app/tests/test_phase7_decoy_integration.py: 5 warnings
  D:\VsCode\PhantomShield\app\session\store.py:93: DeprecationWarning: datetime.datetime.utcnow() is deprecated and scheduled for removal in a future version. Use timezone-aware objects to represent datetimes in UTC: datetime.datetime.now(datetime.UTC).
    last_activity=doc.get("last_activity", datetime.utcnow()),

app/tests/test_phase1_session.py: 3 warnings
app/tests/test_phase2_products.py: 2 warnings
app/tests/test_phase3_cart_wishlist.py: 10 warnings
app/tests/test_phase4_orders.py: 7 warnings
app/tests/test_phase7_decoy_integration.py: 4 warnings
  D:\VsCode\PhantomShield\app\session\store.py:114: DeprecationWarning: datetime.datetime.utcnow() is deprecated and scheduled for removal in a future version. Use timezone-aware objects to represent datetimes in UTC: datetime.datetime.now(datetime.UTC).
    if (datetime.utcnow() - state.last_activity).total_seconds() > SESSION_EXPIRY_SECONDS:

app/tests/test_phase1_session.py: 2 warnings
app/tests/test_phase2_products.py: 2 warnings
app/tests/test_phase3_cart_wishlist.py: 10 warnings
app/tests/test_phase4_orders.py: 7 warnings
app/tests/test_phase7_decoy_integration.py: 4 warnings
  D:\VsCode\PhantomShield\app\session\models.py:36: DeprecationWarning: datetime.datetime.utcnow() is deprecated and scheduled for removal in a future version. Use timezone-aware objects to represent datetimes in UTC: datetime.datetime.now(datetime.UTC).
    self.last_activity = datetime.utcnow()

app/tests/test_phase1_session.py::test_replaces_expired_session_with_new_cookie
  D:\VsCode\PhantomShield\app\tests\test_phase1_session.py:58: DeprecationWarning: datetime.datetime.utcnow() is deprecated and scheduled for removal in a future version. Use timezone-aware objects to represent datetimes in UTC: datetime.datetime.now(datetime.UTC).
    {"$set": {"last_activity": datetime.utcnow() - timedelta(seconds=SESSION_EXPIRY_SECONDS + 5)}}

app/tests/test_phase1_session.py::test_login_rotates_session_and_jwt_uses_new_session_id
app/tests/test_phase3_cart_wishlist.py::test_cart_and_wishlist_survive_login_session_rotation_in_decoy_mode
app/tests/test_phase4_orders.py::test_decoy_order_history_survives_login_session_rotation
app/tests/test_phase7_decoy_integration.py::test_decoy_login_returns_success_and_identity_cookie
  D:\VsCode\PhantomShield\app\session\store.py:174: DeprecationWarning: datetime.datetime.utcnow() is deprecated and scheduled for removal in a future version. Use timezone-aware objects to represent datetimes in UTC: datetime.datetime.now(datetime.UTC).
    last_activity=datetime.utcnow(),

app/tests/test_phase1_session.py::test_login_rotates_session_and_jwt_uses_new_session_id
app/tests/test_phase3_cart_wishlist.py::test_cart_and_wishlist_survive_login_session_rotation_in_decoy_mode
app/tests/test_phase4_orders.py::test_decoy_order_history_survives_login_session_rotation
app/tests/test_phase7_decoy_integration.py::test_decoy_login_returns_success_and_identity_cookie
  D:\VsCode\PhantomShield\app\core\auth.py:35: DeprecationWarning: datetime.datetime.utcnow() is deprecated and scheduled for removal in a future version. Use timezone-aware objects to represent datetimes in UTC: datetime.datetime.now(datetime.UTC).
    expire = datetime.utcnow() + timedelta(minutes=ACCESS_TOKEN_EXPIRE_MINUTES)

app/tests/test_phase1_session.py::test_login_rotates_session_and_jwt_uses_new_session_id
app/tests/test_phase3_cart_wishlist.py::test_cart_and_wishlist_survive_login_session_rotation_in_decoy_mode
app/tests/test_phase4_orders.py::test_decoy_order_history_survives_login_session_rotation
app/tests/test_phase7_decoy_integration.py::test_decoy_login_returns_success_and_identity_cookie
  D:\VsCode\PhantomShield\app\core\auth.py:41: DeprecationWarning: datetime.datetime.utcnow() is deprecated and scheduled for removal in a future version. Use timezone-aware objects to represent datetimes in UTC: datetime.datetime.now(datetime.UTC).
    "iat": datetime.utcnow(),

app/tests/test_phase4_orders.py::test_real_checkout_flow_places_order_and_clears_cart
app/tests/test_phase4_orders.py::test_decoy_checkout_succeeds_even_when_cart_empty
app/tests/test_phase4_orders.py::test_decoy_order_history_survives_login_session_rotation
  D:\VsCode\PhantomShield\app\repositories\order_utils.py:22: DeprecationWarning: datetime.datetime.utcnow() is deprecated and scheduled for removal in a future version. Use timezone-aware objects to represent datetimes in UTC: datetime.datetime.now(datetime.UTC).
    date_part = datetime.utcnow().strftime("%Y%m%d")

app/tests/test_phase4_orders.py::test_real_checkout_flow_places_order_and_clears_cart
app/tests/test_phase4_orders.py::test_decoy_checkout_succeeds_even_when_cart_empty
app/tests/test_phase4_orders.py::test_decoy_order_history_survives_login_session_rotation
  D:\VsCode\PhantomShield\app\repositories\decoy\order_repo.py:134: DeprecationWarning: datetime.datetime.utcnow() is deprecated and scheduled for removal in a future version. Use timezone-aware objects to represent datetimes in UTC: datetime.datetime.now(datetime.UTC).
    placed_at=datetime.utcnow(),

-- Docs: https://docs.pytest.org/en/stable/how-to/capture-warnings.html
====================== 23 passed, 184 warnings in 38.19s ======================
